Defaulting to user installation because normal site-packages is not writeable
Requirement already satisfied: numpy in /cluster/apps/eb/software/Anaconda3/2022.05/lib/python3.9/site-packages (from -r requirements.txt (line 1)) (1.24.3)
Requirement already satisfied: tensorflow in /cluster/home/taheeraa/.local/lib/python3.9/site-packages (from -r requirements.txt (line 2)) (2.14.0)
Requirement already satisfied: matplotlib in /cluster/apps/eb/software/Anaconda3/2022.05/lib/python3.9/site-packages (from -r requirements.txt (line 3)) (3.7.1)
Requirement already satisfied: grpcio<2.0,>=1.24.3 in /cluster/home/taheeraa/.local/lib/python3.9/site-packages (from tensorflow->-r requirements.txt (line 2)) (1.50.0)
Requirement already satisfied: google-pasta>=0.1.1 in /cluster/home/taheeraa/.local/lib/python3.9/site-packages (from tensorflow->-r requirements.txt (line 2)) (0.2.0)
Requirement already satisfied: opt-einsum>=2.3.2 in /cluster/home/taheeraa/.local/lib/python3.9/site-packages (from tensorflow->-r requirements.txt (line 2)) (3.3.0)
Requirement already satisfied: tensorboard<2.15,>=2.14 in /cluster/home/taheeraa/.local/lib/python3.9/site-packages (from tensorflow->-r requirements.txt (line 2)) (2.14.1)
Requirement already satisfied: wrapt<1.15,>=1.11.0 in /cluster/apps/eb/software/Anaconda3/2022.05/lib/python3.9/site-packages (from tensorflow->-r requirements.txt (line 2)) (1.12.1)
Requirement already satisfied: keras<2.15,>=2.14.0 in /cluster/home/taheeraa/.local/lib/python3.9/site-packages (from tensorflow->-r requirements.txt (line 2)) (2.14.0)
Requirement already satisfied: astunparse>=1.6.0 in /cluster/home/taheeraa/.local/lib/python3.9/site-packages (from tensorflow->-r requirements.txt (line 2)) (1.6.3)
Requirement already satisfied: ml-dtypes==0.2.0 in /cluster/home/taheeraa/.local/lib/python3.9/site-packages (from tensorflow->-r requirements.txt (line 2)) (0.2.0)
Requirement already satisfied: packaging in /cluster/apps/eb/software/Anaconda3/2022.05/lib/python3.9/site-packages (from tensorflow->-r requirements.txt (line 2)) (21.3)
Requirement already satisfied: typing-extensions>=3.6.6 in /cluster/apps/eb/software/Anaconda3/2022.05/lib/python3.9/site-packages (from tensorflow->-r requirements.txt (line 2)) (4.5.0)
Requirement already satisfied: six>=1.12.0 in /cluster/apps/eb/software/Anaconda3/2022.05/lib/python3.9/site-packages (from tensorflow->-r requirements.txt (line 2)) (1.16.0)
Requirement already satisfied: absl-py>=1.0.0 in /cluster/apps/eb/software/Anaconda3/2022.05/lib/python3.9/site-packages (from tensorflow->-r requirements.txt (line 2)) (1.4.0)
Requirement already satisfied: termcolor>=1.1.0 in /cluster/home/taheeraa/.local/lib/python3.9/site-packages (from tensorflow->-r requirements.txt (line 2)) (2.3.0)
Requirement already satisfied: gast!=0.5.0,!=0.5.1,!=0.5.2,>=0.2.1 in /cluster/home/taheeraa/.local/lib/python3.9/site-packages (from tensorflow->-r requirements.txt (line 2)) (0.5.4)
Requirement already satisfied: protobuf!=4.21.0,!=4.21.1,!=4.21.2,!=4.21.3,!=4.21.4,!=4.21.5,<5.0.0dev,>=3.20.3 in /cluster/home/taheeraa/.local/lib/python3.9/site-packages (from tensorflow->-r requirements.txt (line 2)) (4.25.0)
Requirement already satisfied: libclang>=13.0.0 in /cluster/home/taheeraa/.local/lib/python3.9/site-packages (from tensorflow->-r requirements.txt (line 2)) (16.0.6)
Requirement already satisfied: setuptools in /cluster/home/taheeraa/.local/lib/python3.9/site-packages (from tensorflow->-r requirements.txt (line 2)) (60.2.0)
Requirement already satisfied: tensorflow-estimator<2.15,>=2.14.0 in /cluster/home/taheeraa/.local/lib/python3.9/site-packages (from tensorflow->-r requirements.txt (line 2)) (2.14.0)
Requirement already satisfied: tensorflow-io-gcs-filesystem>=0.23.1 in /cluster/home/taheeraa/.local/lib/python3.9/site-packages (from tensorflow->-r requirements.txt (line 2)) (0.34.0)
Requirement already satisfied: h5py>=2.9.0 in /cluster/apps/eb/software/Anaconda3/2022.05/lib/python3.9/site-packages (from tensorflow->-r requirements.txt (line 2)) (3.6.0)
Requirement already satisfied: flatbuffers>=23.5.26 in /cluster/home/taheeraa/.local/lib/python3.9/site-packages (from tensorflow->-r requirements.txt (line 2)) (23.5.26)
Requirement already satisfied: kiwisolver>=1.0.1 in /cluster/apps/eb/software/Anaconda3/2022.05/lib/python3.9/site-packages (from matplotlib->-r requirements.txt (line 3)) (1.3.2)
Requirement already satisfied: pyparsing>=2.3.1 in /cluster/apps/eb/software/Anaconda3/2022.05/lib/python3.9/site-packages (from matplotlib->-r requirements.txt (line 3)) (3.0.4)
Requirement already satisfied: importlib-resources>=3.2.0 in /cluster/apps/eb/software/Anaconda3/2022.05/lib/python3.9/site-packages (from matplotlib->-r requirements.txt (line 3)) (5.12.0)
Requirement already satisfied: cycler>=0.10 in /cluster/apps/eb/software/Anaconda3/2022.05/lib/python3.9/site-packages (from matplotlib->-r requirements.txt (line 3)) (0.11.0)
Requirement already satisfied: pillow>=6.2.0 in /cluster/home/taheeraa/.local/lib/python3.9/site-packages (from matplotlib->-r requirements.txt (line 3)) (9.5.0)
Requirement already satisfied: python-dateutil>=2.7 in /cluster/apps/eb/software/Anaconda3/2022.05/lib/python3.9/site-packages (from matplotlib->-r requirements.txt (line 3)) (2.8.2)
Requirement already satisfied: contourpy>=1.0.1 in /cluster/apps/eb/software/Anaconda3/2022.05/lib/python3.9/site-packages (from matplotlib->-r requirements.txt (line 3)) (1.0.7)
Requirement already satisfied: fonttools>=4.22.0 in /cluster/apps/eb/software/Anaconda3/2022.05/lib/python3.9/site-packages (from matplotlib->-r requirements.txt (line 3)) (4.25.0)
Requirement already satisfied: wheel<1.0,>=0.23.0 in /cluster/apps/eb/software/Anaconda3/2022.05/lib/python3.9/site-packages (from astunparse>=1.6.0->tensorflow->-r requirements.txt (line 2)) (0.37.1)
Requirement already satisfied: zipp>=3.1.0 in /cluster/apps/eb/software/Anaconda3/2022.05/lib/python3.9/site-packages (from importlib-resources>=3.2.0->matplotlib->-r requirements.txt (line 3)) (3.7.0)
Requirement already satisfied: tensorboard-data-server<0.8.0,>=0.7.0 in /cluster/apps/eb/software/Anaconda3/2022.05/lib/python3.9/site-packages (from tensorboard<2.15,>=2.14->tensorflow->-r requirements.txt (line 2)) (0.7.0)
Requirement already satisfied: google-auth-oauthlib<1.1,>=0.5 in /cluster/apps/eb/software/Anaconda3/2022.05/lib/python3.9/site-packages (from tensorboard<2.15,>=2.14->tensorflow->-r requirements.txt (line 2)) (1.0.0)
Requirement already satisfied: google-auth<3,>=1.6.3 in /cluster/apps/eb/software/Anaconda3/2022.05/lib/python3.9/site-packages (from tensorboard<2.15,>=2.14->tensorflow->-r requirements.txt (line 2)) (2.18.0)
Requirement already satisfied: requests<3,>=2.21.0 in /cluster/home/taheeraa/.local/lib/python3.9/site-packages (from tensorboard<2.15,>=2.14->tensorflow->-r requirements.txt (line 2)) (2.28.2)
Requirement already satisfied: markdown>=2.6.8 in /cluster/apps/eb/software/Anaconda3/2022.05/lib/python3.9/site-packages (from tensorboard<2.15,>=2.14->tensorflow->-r requirements.txt (line 2)) (3.3.4)
Requirement already satisfied: werkzeug>=1.0.1 in /cluster/apps/eb/software/Anaconda3/2022.05/lib/python3.9/site-packages (from tensorboard<2.15,>=2.14->tensorflow->-r requirements.txt (line 2)) (2.0.3)
Requirement already satisfied: rsa<5,>=3.1.4 in /cluster/apps/eb/software/Anaconda3/2022.05/lib/python3.9/site-packages (from google-auth<3,>=1.6.3->tensorboard<2.15,>=2.14->tensorflow->-r requirements.txt (line 2)) (4.7.2)
Requirement already satisfied: cachetools<6.0,>=2.0.0 in /cluster/apps/eb/software/Anaconda3/2022.05/lib/python3.9/site-packages (from google-auth<3,>=1.6.3->tensorboard<2.15,>=2.14->tensorflow->-r requirements.txt (line 2)) (4.2.2)
Requirement already satisfied: pyasn1-modules>=0.2.1 in /cluster/apps/eb/software/Anaconda3/2022.05/lib/python3.9/site-packages (from google-auth<3,>=1.6.3->tensorboard<2.15,>=2.14->tensorflow->-r requirements.txt (line 2)) (0.2.8)
Requirement already satisfied: urllib3<2.0 in /cluster/apps/eb/software/Anaconda3/2022.05/lib/python3.9/site-packages (from google-auth<3,>=1.6.3->tensorboard<2.15,>=2.14->tensorflow->-r requirements.txt (line 2)) (1.26.9)
Requirement already satisfied: requests-oauthlib>=0.7.0 in /cluster/apps/eb/software/Anaconda3/2022.05/lib/python3.9/site-packages (from google-auth-oauthlib<1.1,>=0.5->tensorboard<2.15,>=2.14->tensorflow->-r requirements.txt (line 2)) (1.3.1)
Requirement already satisfied: pyasn1<0.5.0,>=0.4.6 in /cluster/apps/eb/software/Anaconda3/2022.05/lib/python3.9/site-packages (from pyasn1-modules>=0.2.1->google-auth<3,>=1.6.3->tensorboard<2.15,>=2.14->tensorflow->-r requirements.txt (line 2)) (0.4.8)
Requirement already satisfied: charset-normalizer<4,>=2 in /cluster/apps/eb/software/Anaconda3/2022.05/lib/python3.9/site-packages (from requests<3,>=2.21.0->tensorboard<2.15,>=2.14->tensorflow->-r requirements.txt (line 2)) (2.0.4)
Requirement already satisfied: idna<4,>=2.5 in /cluster/apps/eb/software/Anaconda3/2022.05/lib/python3.9/site-packages (from requests<3,>=2.21.0->tensorboard<2.15,>=2.14->tensorflow->-r requirements.txt (line 2)) (3.3)
Requirement already satisfied: certifi>=2017.4.17 in /cluster/apps/eb/software/Anaconda3/2022.05/lib/python3.9/site-packages (from requests<3,>=2.21.0->tensorboard<2.15,>=2.14->tensorflow->-r requirements.txt (line 2)) (2021.10.8)
Requirement already satisfied: oauthlib>=3.0.0 in /cluster/apps/eb/software/Anaconda3/2022.05/lib/python3.9/site-packages (from requests-oauthlib>=0.7.0->google-auth-oauthlib<1.1,>=0.5->tensorboard<2.15,>=2.14->tensorflow->-r requirements.txt (line 2)) (3.2.2)
[W 15:25:26.122 NotebookApp] Error loading server extension jupyter_lsp
    Traceback (most recent call last):
      File "/cluster/apps/eb/software/Anaconda3/2022.05/lib/python3.9/site-packages/notebook/notebookapp.py", line 2027, in init_server_extensions
        mod = importlib.import_module(modulename)
      File "/cluster/apps/eb/software/Anaconda3/2022.05/lib/python3.9/importlib/__init__.py", line 127, in import_module
        return _bootstrap._gcd_import(name[level:], package, level)
      File "<frozen importlib._bootstrap>", line 1030, in _gcd_import
      File "<frozen importlib._bootstrap>", line 1007, in _find_and_load
      File "<frozen importlib._bootstrap>", line 984, in _find_and_load_unlocked
    ModuleNotFoundError: No module named 'jupyter_lsp'
[I 2023-11-14 15:25:27.171 LabApp] JupyterLab extension loaded from /cluster/apps/eb/software/Anaconda3/2022.05/lib/python3.9/site-packages/jupyterlab
[I 2023-11-14 15:25:27.171 LabApp] JupyterLab application directory is /cluster/apps/eb/software/Anaconda3/2022.05/share/jupyter/lab
[I 15:25:27.177 NotebookApp] Loading lmod extension
[I 15:25:27.178 NotebookApp] The port 8888 is already in use, trying another port.
[I 15:25:27.178 NotebookApp] Serving notebooks from local directory: /cluster/home/taheeraa/code/tdt05
[I 15:25:27.178 NotebookApp] Jupyter Notebook 6.4.8 is running at:
[I 15:25:27.178 NotebookApp] http://localhost:8889/?token=a0a50b6f70d464b21da25434aa72fce423c5f83b1e34ea9a
[I 15:25:27.178 NotebookApp]  or http://127.0.0.1:8889/?token=a0a50b6f70d464b21da25434aa72fce423c5f83b1e34ea9a
[I 15:25:27.178 NotebookApp] Use Control-C to stop this server and shut down all kernels (twice to skip confirmation).
[C 15:25:27.188 NotebookApp] 
    
    To access the notebook, open this file in a browser:
        file:///cluster/home/taheeraa/.local/share/jupyter/runtime/nbserver-764529-open.html
    Or copy and paste one of these URLs:
        http://localhost:8889/?token=a0a50b6f70d464b21da25434aa72fce423c5f83b1e34ea9a
     or http://127.0.0.1:8889/?token=a0a50b6f70d464b21da25434aa72fce423c5f83b1e34ea9a
[I 15:26:18.625 NotebookApp] 302 GET /?token=a0a50b6f70d464b21da25434aa72fce423c5f83b1e34ea9a (127.0.0.1) 0.420000ms
[W 15:26:19.817 NotebookApp] 404 GET /server-proxy/servers-info (127.0.0.1) 5.920000ms referer=http://127.0.0.1:8889/tree
